
> mike-henke-website@1.0.0 build
> eleventy && npx pagefind --site _site --verbose

NODE_ENV: undefined
[11ty] Writing ./_site/index.html from ./index.html (njk)
[11ty] Writing ./_site/blog/category/coldfusion/index.html from ./blog-category.njk
[11ty] Writing ./_site/blog/index.html from ./blog.njk
[11ty] Writing ./_site/search/index.html from ./search.njk
[11ty] Writing ./_site/wordpress-pages/articles/index.html from ./output/pages/articles/index.md (njk)
[11ty] Writing ./_site/wordpress-pages/blog/index.html from ./output/pages/blog/index.md (njk)
[11ty] Writing ./_site/wordpress-pages/home/index.html from ./output/pages/home/index.md (njk)
[11ty] Writing ./_site/wordpress-pages/my-work/index.html from ./output/pages/my-work/index.md (njk)
[11ty] Writing ./_site/wordpress-pages/presentations/index.html from ./output/pages/presentations/index.md (njk)
[11ty] Writing ./_site/wordpress-pages/wheels-series/index.html from ./output/pages/wheels-series/index.md (njk)
[11ty] Writing ./_site/blog/4-cfwheels-plugins-released-on-riaforge/index.html from ./output/posts/4-cfwheels-plugins-released-on-riaforge/index.md (njk)
[11ty] Writing ./_site/blog/9-features-bolt-must-have/index.html from ./output/posts/9-features-bolt-must-have/index.md (njk)
[11ty] Writing ./_site/blog/Add-ColdFusion-support-to-Eclipse-DLTK/index.html from ./output/posts/Add-ColdFusion-support-to-Eclipse-DLTK/index.md (njk)
[11ty] Writing ./_site/blog/Add-Spell-checking-to-your-Instant-Messenger-client/index.html from ./output/posts/Add-Spell-checking-to-your-Instant-Messenger-client/index.md (njk)
[11ty] Writing ./_site/blog/Added-pic-and-name-to-About-section/index.html from ./output/posts/Added-pic-and-name-to-About-section/index.md (njk)
[11ty] Writing ./_site/blog/Amazon-S3-and-JetS3t-ignoring-unwanted-files/index.html from ./output/posts/Amazon-S3-and-JetS3t-ignoring-unwanted-files/index.md (njk)
[11ty] Writing ./_site/blog/Amazon-S3-and-JetS3t-synchronizing/index.html from ./output/posts/Amazon-S3-and-JetS3t-synchronizing/index.md (njk)
[11ty] Writing ./_site/blog/Better-understanding-of-Open-Source-Via-Eclipse/index.html from ./output/posts/Better-understanding-of-Open-Source-Via-Eclipse/index.md (njk)
[11ty] Writing ./_site/blog/CFCompile-Ant-snippet/index.html from ./output/posts/CFCompile-Ant-snippet/index.md (njk)
[11ty] Writing ./_site/blog/CFEclipse-Just-Use-Aptana-Myth/index.html from ./output/posts/CFEclipse-Just-Use-Aptana-Myth/index.md (njk)
[11ty] Writing ./_site/blog/CFEclipse-Undo-Weirdness/index.html from ./output/posts/CFEclipse-Undo-Weirdness/index.md (njk)
[11ty] Writing ./_site/blog/Coding-CF-fast-from-IBM-developerWorks/index.html from ./output/posts/Coding-CF-fast-from-IBM-developerWorks/index.md (njk)
[11ty] Writing ./_site/blog/ColdFusion-8-upgrade-checklist/index.html from ./output/posts/ColdFusion-8-upgrade-checklist/index.md (njk)
[11ty] Writing ./_site/blog/Coldfusion-Google-Sitemap-Generator/index.html from ./output/posts/Coldfusion-Google-Sitemap-Generator/index.md (njk)
[11ty] Writing ./_site/blog/Coldfusion-with-Selenium-ant-script/index.html from ./output/posts/Coldfusion-with-Selenium-ant-script/index.md (njk)
[11ty] Writing ./_site/blog/Come-Work-With-Me/index.html from ./output/posts/Come-Work-With-Me/index.md (njk)
[11ty] Writing ./_site/blog/Cool-Ant-file-trick-and-concept/index.html from ./output/posts/Cool-Ant-file-trick-and-concept/index.md (njk)
[11ty] Writing ./_site/blog/Eclipse-CFEclipse-NECFUG-presentation-link/index.html from ./output/posts/Eclipse-CFEclipse-NECFUG-presentation-link/index.md (njk)
[11ty] Writing ./_site/blog/Eclipse-Navigator-Toolbar/index.html from ./output/posts/Eclipse-Navigator-Toolbar/index.md (njk)
[11ty] Writing ./_site/blog/Eclipse-Web-Service-Explorer/index.html from ./output/posts/Eclipse-Web-Service-Explorer/index.md (njk)
[11ty] Writing ./_site/blog/Eclipse-Working-Sets/index.html from ./output/posts/Eclipse-Working-Sets/index.md (njk)
[11ty] Writing ./_site/blog/Firebug-and-ANT-make-IBM-developerWorks/index.html from ./output/posts/Firebug-and-ANT-make-IBM-developerWorks/index.md (njk)
[11ty] Writing ./_site/blog/First-Post-from-CFUnited/index.html from ./output/posts/First-Post-from-CFUnited/index.md (njk)
[11ty] Writing ./_site/blog/GTAC-2008-decompressing/index.html from ./output/posts/GTAC-2008-decompressing/index.md (njk)
[11ty] Writing ./_site/blog/Get-results-from-sql-Ant-task-into-a-property/index.html from ./output/posts/Get-results-from-sql-Ant-task-into-a-property/index.md (njk)
[11ty] Writing ./_site/blog/Google-Code-Search-Sitemaps-Introduced/index.html from ./output/posts/Google-Code-Search-Sitemaps-Introduced/index.md (njk)
[11ty] Writing ./_site/blog/Google-announces-Website-Optimizer-online-seminars/index.html from ./output/posts/Google-announces-Website-Optimizer-online-seminars/index.md (njk)
[11ty] Writing ./_site/blog/Head-First-ColdFusion-Debugging-with-FusionDebug/index.html from ./output/posts/Head-First-ColdFusion-Debugging-with-FusionDebug/index.md (njk)
[11ty] Writing ./_site/blog/How-Mylyn-Changes-the-Way-I-Develop/index.html from ./output/posts/How-Mylyn-Changes-the-Way-I-Develop/index.md (njk)
[11ty] Writing ./_site/blog/In-Between-Opportunities/index.html from ./output/posts/In-Between-Opportunities/index.md (njk)
[11ty] Writing ./_site/blog/Installed-ColdFusion-8-on-Ubuntu/index.html from ./output/posts/Installed-ColdFusion-8-on-Ubuntu/index.md (njk)
[11ty] Writing ./_site/blog/Lost-Season-3-DVD-set/index.html from ./output/posts/Lost-Season-3-DVD-set/index.md (njk)
[11ty] Writing ./_site/blog/Minify-CSS-JS-ant-revisited-using-YUI-compressor/index.html from ./output/posts/Minify-CSS-JS-ant-revisited-using-YUI-compressor/index.md (njk)
[11ty] Writing ./_site/blog/Mobile-Friendly-in-a-Second/index.html from ./output/posts/Mobile-Friendly-in-a-Second/index.md (njk)
[11ty] Writing ./_site/blog/My-ColdFusion-Debugger-Setup-Cheatsheat/index.html from ./output/posts/My-ColdFusion-Debugger-Setup-Cheatsheat/index.md (njk)
[11ty] Writing ./_site/blog/NECFUG-last-night/index.html from ./output/posts/NECFUG-last-night/index.md (njk)
[11ty] Writing ./_site/blog/Nebraska-ColdFusion-Users-Group-tonight/index.html from ./output/posts/Nebraska-ColdFusion-Users-Group-tonight/index.md (njk)
[11ty] Writing ./_site/blog/New-Look/index.html from ./output/posts/New-Look/index.md (njk)
[11ty] Writing ./_site/blog/Next-Coldfusion-User-Group-meeting-in-Omaha/index.html from ./output/posts/Next-Coldfusion-User-Group-meeting-in-Omaha/index.md (njk)
[11ty] Writing ./_site/blog/Notes-from-Best-Testing-with-cfcUnit/index.html from ./output/posts/Notes-from-Best-Testing-with-cfcUnit/index.md (njk)
[11ty] Writing ./_site/blog/Learn-Flex-2-over-Lunch-Free/index.html from ./output/posts/Learn-Flex-2-over-Lunch-Free/index.md (njk)
[11ty] Writing ./_site/blog/Notes-from-Leveraging-Basic-Design-Patterns-in-ColdFusion/index.html from ./output/posts/Notes-from-Leveraging-Basic-Design-Patterns-in-ColdFusion/index.md (njk)
[11ty] Writing ./_site/blog/Notes-from-MVC-for-You-and-Me/index.html from ./output/posts/Notes-from-MVC-for-You-and-Me/index.md (njk)
[11ty] Writing ./_site/blog/Notes-from-Selling-Professional-Development/index.html from ./output/posts/Notes-from-Selling-Professional-Development/index.md (njk)
[11ty] Writing ./_site/blog/Notes-from-Step-Debugging-in-ColdFusion/index.html from ./output/posts/Notes-from-Step-Debugging-in-ColdFusion/index.md (njk)
[11ty] Writing ./_site/blog/Omaha-BarCamp-Eclipse-Mylyn-Slides/index.html from ./output/posts/Omaha-BarCamp-Eclipse-Mylyn-Slides/index.md (njk)
[11ty] Writing ./_site/blog/Pimping-my-Eclipse-startup-and-other-shizzle/index.html from ./output/posts/Pimping-my-Eclipse-startup-and-other-shizzle/index.md (njk)
[11ty] Writing ./_site/blog/Practical-Refactoring-article/index.html from ./output/posts/Practical-Refactoring-article/index.md (njk)
[11ty] Writing ./_site/blog/Presenting-Eclipse-CFEclipse-for-NECFUG/index.html from ./output/posts/Presenting-Eclipse-CFEclipse-for-NECFUG/index.md (njk)
[11ty] Writing ./_site/blog/Remote-Systems-Explorer-plugin/index.html from ./output/posts/Remote-Systems-Explorer-plugin/index.md (njk)
[11ty] Writing ./_site/blog/SQL-Server-2005-Express-error-connection-issue-solved/index.html from ./output/posts/SQL-Server-2005-Express-error-connection-issue-solved/index.md (njk)
[11ty] Writing ./_site/blog/Screencast-of-revert-Block-or-Line/index.html from ./output/posts/Screencast-of-revert-Block-or-Line/index.md (njk)
[11ty] Writing ./_site/blog/Selenium-Presentaion-slides-with-Coldfusion-and-MXUnit/index.html from ./output/posts/Selenium-Presentaion-slides-with-Coldfusion-and-MXUnit/index.md (njk)
[11ty] Writing ./_site/blog/Selenium-is-NOT-a-framework/index.html from ./output/posts/Selenium-is-NOT-a-framework/index.md (njk)
[11ty] Writing ./_site/blog/Setting-up-Akismet-for-Coldfusion/index.html from ./output/posts/Setting-up-Akismet-for-Coldfusion/index.md (njk)
[11ty] Writing ./_site/blog/Setting-up-Selenium-Trifecta/index.html from ./output/posts/Setting-up-Selenium-Trifecta/index.md (njk)
[11ty] Writing ./_site/blog/Start-ColdFusion-Server-Within-Eclipse/index.html from ./output/posts/Start-ColdFusion-Server-Within-Eclipse/index.md (njk)
[11ty] Writing ./_site/blog/Subversion-Ant-for-Files-Changed-between-Two-Revision-Numbers/index.html from ./output/posts/Subversion-Ant-for-Files-Changed-between-Two-Revision-Numbers/index.md (njk)
[11ty] Writing ./_site/blog/Switch-to-Ubuntu-from-Vista/index.html from ./output/posts/Switch-to-Ubuntu-from-Vista/index.md (njk)
[11ty] Writing ./_site/blog/The-power-of-ColdFusion-Zone/index.html from ./output/posts/The-power-of-ColdFusion-Zone/index.md (njk)
[11ty] Writing ./_site/blog/Top-6-underused-Eclipse-shortcuts-for-CFEclipse/index.html from ./output/posts/Top-6-underused-Eclipse-shortcuts-for-CFEclipse/index.md (njk)
[11ty] Writing ./_site/blog/Trac-ColdFusion-case-studies/index.html from ./output/posts/Trac-ColdFusion-case-studies/index.md (njk)
[11ty] Writing ./_site/blog/Turbo-charging-Eclipse/index.html from ./output/posts/Turbo-charging-Eclipse/index.md (njk)
[11ty] Writing ./_site/blog/Two-great-Programmer-Events-this-week/index.html from ./output/posts/Two-great-Programmer-Events-this-week/index.md (njk)
[11ty] Writing ./_site/blog/UGTV-and-Online-ColdFusion-Meetup-Group/index.html from ./output/posts/UGTV-and-Online-ColdFusion-Meetup-Group/index.md (njk)
[11ty] Writing ./_site/blog/Uneclipsing-CFEclipse-Show-Line-Numbers/index.html from ./output/posts/Uneclipsing-CFEclipse-Show-Line-Numbers/index.md (njk)
[11ty] Writing ./_site/blog/Using-ColdFusion-within-Selenium/index.html from ./output/posts/Using-ColdFusion-within-Selenium/index.md (njk)
[11ty] Writing ./_site/blog/Using-Mylyn-video-presentation/index.html from ./output/posts/Using-Mylyn-video-presentation/index.md (njk)
[11ty] Writing ./_site/blog/Using-results-from-sql-Ant-task-PART-2/index.html from ./output/posts/Using-results-from-sql-Ant-task-PART-2/index.md (njk)
[11ty] Writing ./_site/blog/Using-the-Eclipse-Workbench-demo-on-Eclipse-Live-site/index.html from ./output/posts/Using-the-Eclipse-Workbench-demo-on-Eclipse-Live-site/index.md (njk)
[11ty] Writing ./_site/blog/Vote-for-CFEclipse-and-Mylyn-integration/index.html from ./output/posts/Vote-for-CFEclipse-and-Mylyn-integration/index.md (njk)
[11ty] Writing ./_site/blog/accepted-to-google-test-automation-conference-2008/index.html from ./output/posts/accepted-to-google-test-automation-conference-2008/index.md (njk)
[11ty] Writing ./_site/blog/accidental-new-skin-for-my-blog-frozenage/index.html from ./output/posts/accidental-new-skin-for-my-blog-frozenage/index.md (njk)
[11ty] Writing ./_site/blog/adding-eclipse-helios-update-site/index.html from ./output/posts/adding-eclipse-helios-update-site/index.md (njk)
[11ty] Writing ./_site/blog/adding-js-css-compression-and-js-validation-using-yui-compressor-jslint-and-jsmin-to-ant-script/index.html from ./output/posts/adding-js-css-compression-and-js-validation-using-yui-compressor-jslint-and-jsmin-to-ant-script/index.md (njk)
[11ty] Writing ./_site/blog/adobe-air-and-ebays-excellent-adventure/index.html from ./output/posts/adobe-air-and-ebays-excellent-adventure/index.md (njk)
[11ty] Writing ./_site/blog/adobe-community-professionals-2010/index.html from ./output/posts/adobe-community-professionals-2010/index.md (njk)
[11ty] Writing ./_site/blog/adobe-labs-release-public-beta-ide-based-on-eclipse/index.html from ./output/posts/adobe-labs-release-public-beta-ide-based-on-eclipse/index.md (njk)
[11ty] Writing ./_site/blog/adobe-max-2008-top-ten-list-announcements/index.html from ./output/posts/adobe-max-2008-top-ten-list-announcements/index.md (njk)
[11ty] Writing ./_site/blog/Notes-from-Intro-into-ColdSpring/index.html from ./output/posts/Notes-from-Intro-into-ColdSpring/index.md (njk)
[11ty] Writing ./_site/blog/amazon-simpledb-limited-beta/index.html from ./output/posts/amazon-simpledb-limited-beta/index.md (njk)
[11ty] Writing ./_site/blog/amd64-flash-firefox-3-install-solved/index.html from ./output/posts/amd64-flash-firefox-3-install-solved/index.md (njk)
[11ty] Writing ./_site/blog/application-specific-data-sources-database-context/index.html from ./output/posts/application-specific-data-sources-database-context/index.md (njk)
[11ty] Writing ./_site/blog/are-you-using-myvariable-neq-0/index.html from ./output/posts/are-you-using-myvariable-neq-0/index.md (njk)
[11ty] Writing ./_site/blog/ask-mike-i-d-love-everyone-using-eclipse-so-we-could-take-advantage-of-mylyn-but/index.html from ./output/posts/ask-mike-i-d-love-everyone-using-eclipse-so-we-could-take-advantage-of-mylyn-but/index.md (njk)
[11ty] Writing ./_site/blog/ask-mike-switching-to-git-and-local-development/index.html from ./output/posts/ask-mike-switching-to-git-and-local-development/index.md (njk)
[11ty] Writing ./_site/blog/awesome-java-training-deal-hit-me-up/index.html from ./output/posts/awesome-java-training-deal-hit-me-up/index.md (njk)
[11ty] Writing ./_site/blog/bar-camp-omaha-2011-open-source-cfml/index.html from ./output/posts/bar-camp-omaha-2011-open-source-cfml/index.md (njk)
[11ty] Writing ./_site/blog/barcamps-and-the-coldfusion-community/index.html from ./output/posts/barcamps-and-the-coldfusion-community/index.md (njk)
[11ty] Writing ./_site/blog/barcamps-coldfusion-and-cfwheels/index.html from ./output/posts/barcamps-coldfusion-and-cfwheels/index.md (njk)
[11ty] Writing ./_site/blog/birds-of-a-feather-session-at-cfunited/index.html from ./output/posts/birds-of-a-feather-session-at-cfunited/index.md (njk)
[11ty] Writing ./_site/blog/bolt-talks-do-one-now/index.html from ./output/posts/bolt-talks-do-one-now/index.md (njk)
[11ty] Writing ./_site/blog/building-a-bridge-for-unit-testing-ci-in-cfml/index.html from ./output/posts/building-a-bridge-for-unit-testing-ci-in-cfml/index.md (njk)
[11ty] Writing ./_site/blog/buzz-kill-how-to-disable-google-buzz/index.html from ./output/posts/buzz-kill-how-to-disable-google-buzz/index.md (njk)
[11ty] Writing ./_site/blog/cf-objective-2009-approach-to-automated-security-testing/index.html from ./output/posts/cf-objective-2009-approach-to-automated-security-testing/index.md (njk)
[11ty] Writing ./_site/blog/cf-objective-2009-code-reviews-and-mentoring/index.html from ./output/posts/cf-objective-2009-code-reviews-and-mentoring/index.md (njk)
[11ty] Writing ./_site/blog/cf-objective-2009-coldfusion-as-a-service-cfaas/index.html from ./output/posts/cf-objective-2009-coldfusion-as-a-service-cfaas/index.md (njk)
[11ty] Writing ./_site/blog/cf-objective-2009-coldspring-better-living-through-configuration/index.html from ./output/posts/cf-objective-2009-coldspring-better-living-through-configuration/index.md (njk)
[11ty] Writing ./_site/blog/cf-objective-2009-extending-adobe-bolt-with-cfml/index.html from ./output/posts/cf-objective-2009-extending-adobe-bolt-with-cfml/index.md (njk)
[11ty] Writing ./_site/blog/cf-objective-2009-object-relational-mappings-with-coldfusion/index.html from ./output/posts/cf-objective-2009-object-relational-mappings-with-coldfusion/index.md (njk)
[11ty] Writing ./_site/blog/cf-objective-2009-open-source-enterprise-java-and-coldfusion/index.html from ./output/posts/cf-objective-2009-open-source-enterprise-java-and-coldfusion/index.md (njk)
[11ty] Writing ./_site/blog/cf-objective-2009-opening-notes/index.html from ./output/posts/cf-objective-2009-opening-notes/index.md (njk)
[11ty] Writing ./_site/blog/cf-objective-2009-rad-oo-in-code/index.html from ./output/posts/cf-objective-2009-rad-oo-in-code/index.md (njk)
[11ty] Writing ./_site/blog/cf-objective-2009-taking-code-reuse-to-a-higher-level/index.html from ./output/posts/cf-objective-2009-taking-code-reuse-to-a-higher-level/index.md (njk)
[11ty] Writing ./_site/blog/cf-objective-2009-the-best-of-both-worlds-java-backends-with-cfml-frontends/index.html from ./output/posts/cf-objective-2009-the-best-of-both-worlds-java-backends-with-cfml-frontends/index.md (njk)
[11ty] Writing ./_site/blog/cf-objective-2009-what-to-do-when-oo-fails-you-in-coldfusion/index.html from ./output/posts/cf-objective-2009-what-to-do-when-oo-fails-you-in-coldfusion/index.md (njk)
[11ty] Writing ./_site/blog/cf-objective-2009-writing-testable-code-realworld-tdd/index.html from ./output/posts/cf-objective-2009-writing-testable-code-realworld-tdd/index.md (njk)
[11ty] Writing ./_site/blog/cfakismet-machblog-challenge/index.html from ./output/posts/cfakismet-machblog-challenge/index.md (njk)
[11ty] Writing ./_site/blog/cfeclipse-eclipse-show-annotations/index.html from ./output/posts/cfeclipse-eclipse-show-annotations/index.md (njk)
[11ty] Writing ./_site/blog/cfobjective-2010-adobe-keynotes/index.html from ./output/posts/cfobjective-2010-adobe-keynotes/index.md (njk)
[11ty] Writing ./_site/blog/cfobjective-2010-better-front-end-optimizations/index.html from ./output/posts/cfobjective-2010-better-front-end-optimizations/index.md (njk)
[11ty] Writing ./_site/blog/cfobjective-2010-caching/index.html from ./output/posts/cfobjective-2010-caching/index.md (njk)
[11ty] Writing ./_site/blog/cfobjective-2010-setting-up-a-solid-local-development-environment/index.html from ./output/posts/cfobjective-2010-setting-up-a-solid-local-development-environment/index.md (njk)
[11ty] Writing ./_site/blog/cfobjective-2010-setting-up-a-solid-local-development-environment-1/index.html from ./output/posts/cfobjective-2010-setting-up-a-solid-local-development-environment-1/index.md (njk)
[11ty] Writing ./_site/blog/cfobjective-2010-stack-tracing-cfml-requests-to-solve-problems/index.html from ./output/posts/cfobjective-2010-stack-tracing-cfml-requests-to-solve-problems/index.md (njk)
[11ty] Writing ./_site/blog/cfobjective-2012-lightning-talks/index.html from ./output/posts/cfobjective-2012-lightning-talks/index.md (njk)
[11ty] Writing ./_site/blog/cfobjective-day-1-notes/index.html from ./output/posts/cfobjective-day-1-notes/index.md (njk)
[11ty] Writing ./_site/blog/cfobjective-over-want-more/index.html from ./output/posts/cfobjective-over-want-more/index.md (njk)
[11ty] Writing ./_site/blog/cfparam-with-unscoped-variables/index.html from ./output/posts/cfparam-with-unscoped-variables/index.md (njk)
[11ty] Writing ./_site/blog/cfunited-2010-cache-me-if-you-can/index.html from ./output/posts/cfunited-2010-cache-me-if-you-can/index.md (njk)
[11ty] Writing ./_site/blog/cfunited-2010-cf9-deployment-best-practices/index.html from ./output/posts/cfunited-2010-cf9-deployment-best-practices/index.md (njk)
[11ty] Writing ./_site/blog/cfunited-2010-enterprise-manager-cf9/index.html from ./output/posts/cfunited-2010-enterprise-manager-cf9/index.md (njk)
[11ty] Writing ./_site/blog/cfunited-coldfusion-on-wheels-presentation-wrapup/index.html from ./output/posts/cfunited-coldfusion-on-wheels-presentation-wrapup/index.md (njk)
[11ty] Writing ./_site/blog/cfwheels-1-day-workshop-in-melbourne/index.html from ./output/posts/cfwheels-1-day-workshop-in-melbourne/index.md (njk)
[11ty] Writing ./_site/blog/cfwheels-and-the-opencf-summit/index.html from ./output/posts/cfwheels-and-the-opencf-summit/index.md (njk)
[11ty] Writing ./_site/blog/cfwheels-apis-built-from-colddoc/index.html from ./output/posts/cfwheels-apis-built-from-colddoc/index.md (njk)
[11ty] Writing ./_site/blog/cfwheels-at-cfunited-2010/index.html from ./output/posts/cfwheels-at-cfunited-2010/index.md (njk)
[11ty] Writing ./_site/blog/cfwheels-full-stack-why-all-the-download-then/index.html from ./output/posts/cfwheels-full-stack-why-all-the-download-then/index.md (njk)
[11ty] Writing ./_site/blog/cfwheels-make-the-database-simple/index.html from ./output/posts/cfwheels-make-the-database-simple/index.md (njk)
[11ty] Writing ./_site/blog/cfwheels-presentation-at-mdcfug-tomorrow-evening/index.html from ./output/posts/cfwheels-presentation-at-mdcfug-tomorrow-evening/index.md (njk)
[11ty] Writing ./_site/blog/cfwheels-so-you-wanna-series-translated-into-italian/index.html from ./output/posts/cfwheels-so-you-wanna-series-translated-into-italian/index.md (njk)
[11ty] Writing ./_site/blog/cfwheels-training-on-may-10-11-pre-cf-objective/index.html from ./output/posts/cfwheels-training-on-may-10-11-pre-cf-objective/index.md (njk)
[11ty] Writing ./_site/blog/cfwheels-user-group-recording/index.html from ./output/posts/cfwheels-user-group-recording/index.md (njk)
[11ty] Writing ./_site/blog/cifusion-continous-improvement-of-coldfusion/index.html from ./output/posts/cifusion-continous-improvement-of-coldfusion/index.md (njk)
[11ty] Writing ./_site/blog/classic-podcasts-old-but-still-good/index.html from ./output/posts/classic-podcasts-old-but-still-good/index.md (njk)
[11ty] Writing ./_site/blog/cloudy-with-a-chance-of-tests-at-necfug-tomorrow/index.html from ./output/posts/cloudy-with-a-chance-of-tests-at-necfug-tomorrow/index.md (njk)
[11ty] Writing ./_site/blog/cloudy-with-a-chance-of-tests-feb-16-6pm-est-rescheduled/index.html from ./output/posts/cloudy-with-a-chance-of-tests-feb-16-6pm-est-rescheduled/index.md (njk)
[11ty] Writing ./_site/blog/cloudy-with-a-chance-of-tests-screenshots/index.html from ./output/posts/cloudy-with-a-chance-of-tests-screenshots/index.md (njk)
[11ty] Writing ./_site/blog/cloudy-with-a-chance-of-tests-tonight-6pm-est/index.html from ./output/posts/cloudy-with-a-chance-of-tests-tonight-6pm-est/index.md (njk)
[11ty] Writing ./_site/blog/codinghorror-com-software-branching-and-parallel-universes/index.html from ./output/posts/codinghorror-com-software-branching-and-parallel-universes/index.md (njk)
[11ty] Writing ./_site/blog/coldbox-platform-3-0-0-substainable-cf-apps/index.html from ./output/posts/coldbox-platform-3-0-0-substainable-cf-apps/index.md (njk)
[11ty] Writing ./_site/blog/coldfusion-9-dzone-refcardz/index.html from ./output/posts/coldfusion-9-dzone-refcardz/index.md (njk)
[11ty] Writing ./_site/blog/coldfusion-9-new-features-i-missed/index.html from ./output/posts/coldfusion-9-new-features-i-missed/index.md (njk)
[11ty] Writing ./_site/blog/coldfusion-9-new-features-i-missed-part-2/index.html from ./output/posts/coldfusion-9-new-features-i-missed-part-2/index.md (njk)
[11ty] Writing ./_site/blog/coldfusion-and-git-again-behind-the-times/index.html from ./output/posts/coldfusion-and-git-again-behind-the-times/index.md (njk)
[11ty] Writing ./_site/blog/coldfusion-and-github-news-for-feb-17-2010/index.html from ./output/posts/coldfusion-and-github-news-for-feb-17-2010/index.md (njk)
[11ty] Writing ./_site/blog/coldfusion-and-github-news-for-feb-26-2010/index.html from ./output/posts/coldfusion-and-github-news-for-feb-26-2010/index.md (njk)
[11ty] Writing ./_site/blog/coldfusion-and-heroku-openbd/index.html from ./output/posts/coldfusion-and-heroku-openbd/index.md (njk)
[11ty] Writing ./_site/blog/coldfusion-and-heroku-railo-screencast/index.html from ./output/posts/coldfusion-and-heroku-railo-screencast/index.md (njk)
[11ty] Writing ./_site/blog/coldfusion-builder-2-0-1-beta-and-mylyn/index.html from ./output/posts/coldfusion-builder-2-0-1-beta-and-mylyn/index.md (njk)
[11ty] Writing ./_site/blog/coldfusion-builder-advance-search-tags/index.html from ./output/posts/coldfusion-builder-advance-search-tags/index.md (njk)
[11ty] Writing ./_site/blog/coldfusion-builder-extension-contamination/index.html from ./output/posts/coldfusion-builder-extension-contamination/index.md (njk)
[11ty] Writing ./_site/blog/coldfusion-discussed-on-engine-yard-podcast/index.html from ./output/posts/coldfusion-discussed-on-engine-yard-podcast/index.md (njk)
[11ty] Writing ./_site/blog/coldfusion-github-weekly-update-april-16-2010/index.html from ./output/posts/coldfusion-github-weekly-update-april-16-2010/index.md (njk)
[11ty] Writing ./_site/blog/coldfusion-github-weekly-update-april-2-2010/index.html from ./output/posts/coldfusion-github-weekly-update-april-2-2010/index.md (njk)
[11ty] Writing ./_site/blog/coldfusion-github-weekly-update-april-30-2010/index.html from ./output/posts/coldfusion-github-weekly-update-april-30-2010/index.md (njk)
[11ty] Writing ./_site/blog/coldfusion-github-weekly-update-april-9-2010/index.html from ./output/posts/coldfusion-github-weekly-update-april-9-2010/index.md (njk)
[11ty] Writing ./_site/blog/coldfusion-github-weekly-update-aug-13-2010/index.html from ./output/posts/coldfusion-github-weekly-update-aug-13-2010/index.md (njk)
[11ty] Writing ./_site/blog/coldfusion-github-weekly-update-aug-20-2010/index.html from ./output/posts/coldfusion-github-weekly-update-aug-20-2010/index.md (njk)
[11ty] Writing ./_site/blog/coldfusion-github-weekly-update-july-1-2010/index.html from ./output/posts/coldfusion-github-weekly-update-july-1-2010/index.md (njk)
[11ty] Writing ./_site/blog/coldfusion-github-weekly-update-july-8-2010/index.html from ./output/posts/coldfusion-github-weekly-update-july-8-2010/index.md (njk)
[11ty] Writing ./_site/blog/coldfusion-github-weekly-update-march-12-2010/index.html from ./output/posts/coldfusion-github-weekly-update-march-12-2010/index.md (njk)
[11ty] Writing ./_site/blog/coldfusion-github-weekly-update-march-17-2010/index.html from ./output/posts/coldfusion-github-weekly-update-march-17-2010/index.md (njk)
[11ty] Writing ./_site/blog/coldfusion-github-weekly-update-march-26-2010/index.html from ./output/posts/coldfusion-github-weekly-update-march-26-2010/index.md (njk)
[11ty] Writing ./_site/blog/coldfusion-github-weekly-update-may-14-2010/index.html from ./output/posts/coldfusion-github-weekly-update-may-14-2010/index.md (njk)
[11ty] Writing ./_site/blog/coldfusion-github-weekly-update-may-28-2010/index.html from ./output/posts/coldfusion-github-weekly-update-may-28-2010/index.md (njk)
[11ty] Writing ./_site/blog/coldfusion-github-weekly-update-may-7-2010/index.html from ./output/posts/coldfusion-github-weekly-update-may-7-2010/index.md (njk)
[11ty] Writing ./_site/blog/coldfusion-github-weekly-update-sept-10-2010/index.html from ./output/posts/coldfusion-github-weekly-update-sept-10-2010/index.md (njk)
[11ty] Writing ./_site/blog/coldfusion-improvements-charting-auto-check-for-updates-and-solr/index.html from ./output/posts/coldfusion-improvements-charting-auto-check-for-updates-and-solr/index.md (njk)
[11ty] Writing ./_site/blog/coldfusion-is-dead-yet-again/index.html from ./output/posts/coldfusion-is-dead-yet-again/index.md (njk)
[11ty] Writing ./_site/blog/coldfusion-koans-giving-away-coldfusion-orm-book/index.html from ./output/posts/coldfusion-koans-giving-away-coldfusion-orm-book/index.md (njk)
[11ty] Writing ./_site/blog/coldfusion-language-improvements-content-within-cffile-and-for-in-loop-of-queries-in-cfscript/index.html from ./output/posts/coldfusion-language-improvements-content-within-cffile-and-for-in-loop-of-queries-in-cfscript/index.md (njk)
[11ty] Writing ./_site/blog/coldfusion-language-improvements-implicit-cfc-constructors-notation-and-chaining/index.html from ./output/posts/coldfusion-language-improvements-implicit-cfc-constructors-notation-and-chaining/index.md (njk)
[11ty] Writing ./_site/blog/coldfusion-news-from-cfoanz-keynote-twister-thunder-more/index.html from ./output/posts/coldfusion-news-from-cfoanz-keynote-twister-thunder-more/index.md (njk)
[11ty] Writing ./_site/blog/coldfusion-on-wheels-0-9-4-released/index.html from ./output/posts/coldfusion-on-wheels-0-9-4-released/index.md (njk)
[11ty] Writing ./_site/blog/coldfusion-on-wheels-1-1-2-released/index.html from ./output/posts/coldfusion-on-wheels-1-1-2-released/index.md (njk)
[11ty] Writing ./_site/blog/coldfusion-on-wheels-intro-2-day-training/index.html from ./output/posts/coldfusion-on-wheels-intro-2-day-training/index.md (njk)
[11ty] Writing ./_site/blog/coldfusion-on-wheels-presentation-this-tues-june-15th/index.html from ./output/posts/coldfusion-on-wheels-presentation-this-tues-june-15th/index.md (njk)
[11ty] Writing ./_site/blog/coldfusion-refactor-win-codeschool-gift-card/index.html from ./output/posts/coldfusion-refactor-win-codeschool-gift-card/index.md (njk)
[11ty] Writing ./_site/blog/coldfusion-training-for-a-newbie/index.html from ./output/posts/coldfusion-training-for-a-newbie/index.md (njk)
[11ty] Writing ./_site/blog/compass-a-real-stylesheet-framework-screencast-review/index.html from ./output/posts/compass-a-real-stylesheet-framework-screencast-review/index.md (njk)
[11ty] Writing ./_site/blog/compass-sass-and-coldfusion-or-creating-more-maintainable-css/index.html from ./output/posts/compass-sass-and-coldfusion-or-creating-more-maintainable-css/index.md (njk)
[11ty] Writing ./_site/blog/complete-foss-kinda-cfml-development-stack-with-adobe/index.html from ./output/posts/complete-foss-kinda-cfml-development-stack-with-adobe/index.md (njk)
[11ty] Writing ./_site/blog/congratulations-acp-2011/index.html from ./output/posts/congratulations-acp-2011/index.md (njk)
[11ty] Writing ./_site/blog/contest-for-learning-unit-testing-and-cfml-with-coldfusion-koans/index.html from ./output/posts/contest-for-learning-unit-testing-and-cfml-with-coldfusion-koans/index.md (njk)
[11ty] Writing ./_site/blog/contribute-to-cfml-in-100-mins-and-win-coldfusion-9-developer-tutorial-book/index.html from ./output/posts/contribute-to-cfml-in-100-mins-and-win-coldfusion-9-developer-tutorial-book/index.md (njk)
[11ty] Writing ./_site/blog/contribute-to-cfml-in-100-mins-and-win-head-first-jquery-book/index.html from ./output/posts/contribute-to-cfml-in-100-mins-and-win-head-first-jquery-book/index.md (njk)
[11ty] Writing ./_site/blog/contribute-win-a-chance-for-object-oriented-programming/index.html from ./output/posts/contribute-win-a-chance-for-object-oriented-programming/index.md (njk)
[11ty] Writing ./_site/blog/creating-and-distributing-torrents-for-coldfusion/index.html from ./output/posts/creating-and-distributing-torrents-for-coldfusion/index.md (njk)
[11ty] Writing ./_site/blog/datatables-and-jeditable-inline-editing/index.html from ./output/posts/datatables-and-jeditable-inline-editing/index.md (njk)
[11ty] Writing ./_site/blog/dc-or-bust/index.html from ./output/posts/dc-or-bust/index.md (njk)
[11ty] Writing ./_site/blog/dead-language-coldfusion-breaks-top-20-in-the-tiobe-for-april-2008/index.html from ./output/posts/dead-language-coldfusion-breaks-top-20-in-the-tiobe-for-april-2008/index.md (njk)
[11ty] Writing ./_site/blog/dear-coldfusion-i-am-breaking-up-with-you-and-hitler-reacts-videos/index.html from ./output/posts/dear-coldfusion-i-am-breaking-up-with-you-and-hitler-reacts-videos/index.md (njk)
[11ty] Writing ./_site/blog/developers-guide-to-turnkey-tomcat-apache-with-coldfusion-engines/index.html from ./output/posts/developers-guide-to-turnkey-tomcat-apache-with-coldfusion-engines/index.md (njk)
[11ty] Writing ./_site/blog/easy-eclipse-performance-enhancements-with-ini/index.html from ./output/posts/easy-eclipse-performance-enhancements-with-ini/index.md (njk)
[11ty] Writing ./_site/blog/eclipse-3-3-upgrade-fusiondebug-cfeclipse-aptana-coldfusion-extentions-and-subclipse/index.html from ./output/posts/eclipse-3-3-upgrade-fusiondebug-cfeclipse-aptana-coldfusion-extentions-and-subclipse/index.md (njk)
[11ty] Writing ./_site/blog/eclipse-basic-tutorial-for-cfbuilder-cfeclipse/index.html from ./output/posts/eclipse-basic-tutorial-for-cfbuilder-cfeclipse/index.md (njk)
[11ty] Writing ./_site/blog/eclipse-net-plugin/index.html from ./output/posts/eclipse-net-plugin/index.md (njk)
[11ty] Writing ./_site/blog/eclipse-search-basics-for-cfeclipse-cfbuilder/index.html from ./output/posts/eclipse-search-basics-for-cfeclipse-cfbuilder/index.md (njk)
[11ty] Writing ./_site/blog/eclipse-starting-fresh-a-little-less-painful/index.html from ./output/posts/eclipse-starting-fresh-a-little-less-painful/index.md (njk)
[11ty] Writing ./_site/blog/eclipse-working-sets-part-i-demo/index.html from ./output/posts/eclipse-working-sets-part-i-demo/index.md (njk)
[11ty] Writing ./_site/blog/eclipsecon-2008-presentations/index.html from ./output/posts/eclipsecon-2008-presentations/index.md (njk)
[11ty] Writing ./_site/blog/elimination-of-the-cfwheels-evangelism-team/index.html from ./output/posts/elimination-of-the-cfwheels-evangelism-team/index.md (njk)
[11ty] Writing ./_site/blog/episode-3-validatethis-mura-jquery-releases-and-conan-o-brien/index.html from ./output/posts/episode-3-validatethis-mura-jquery-releases-and-conan-o-brien/index.md (njk)
[11ty] Writing ./_site/blog/episode-4-hackmycf-giveaway-farcry-evolving-skills-and-john-madden/index.html from ./output/posts/episode-4-hackmycf-giveaway-farcry-evolving-skills-and-john-madden/index.md (njk)
[11ty] Writing ./_site/blog/error-failed-to-push-some-refs/index.html from ./output/posts/error-failed-to-push-some-refs/index.md (njk)
[11ty] Writing ./_site/blog/even-more-now-simple-learning-wheels-litepost-contest/index.html from ./output/posts/even-more-now-simple-learning-wheels-litepost-contest/index.md (njk)
[11ty] Writing ./_site/blog/exclusive-java-training-bargain-for-experienced-developers/index.html from ./output/posts/exclusive-java-training-bargain-for-experienced-developers/index.md (njk)
[11ty] Writing ./_site/blog/firefox-add-on-dust-me-selectors/index.html from ./output/posts/firefox-add-on-dust-me-selectors/index.md (njk)
[11ty] Writing ./_site/blog/firefox-add-on-leechblock-simple-productivity-tool-for-time-wasting-sites/index.html from ./output/posts/firefox-add-on-leechblock-simple-productivity-tool-for-time-wasting-sites/index.md (njk)
[11ty] Writing ./_site/blog/firefox-add-on-screengrab-works-on-ubuntu/index.html from ./output/posts/firefox-add-on-screengrab-works-on-ubuntu/index.md (njk)
[11ty] Writing ./_site/blog/first-ever-necfug-social/index.html from ./output/posts/first-ever-necfug-social/index.md (njk)
[11ty] Writing ./_site/blog/free-35-cfunited-connect-presenation/index.html from ./output/posts/free-35-cfunited-connect-presenation/index.md (njk)
[11ty] Writing ./_site/blog/fusion-authority-quarterly-update-vol-3-issue-2-available/index.html from ./output/posts/fusion-authority-quarterly-update-vol-3-issue-2-available/index.md (njk)
[11ty] Writing ./_site/blog/get-your-red-hot-first-cfml-show-podcast-here/index.html from ./output/posts/get-your-red-hot-first-cfml-show-podcast-here/index.md (njk)
[11ty] Writing ./_site/blog/getting-started-with-cfwheels-is-seconds/index.html from ./output/posts/getting-started-with-cfwheels-is-seconds/index.md (njk)
[11ty] Writing ./_site/blog/getting-started-with-wheels-guide/index.html from ./output/posts/getting-started-with-wheels-guide/index.md (njk)
[11ty] Writing ./_site/blog/git-ant-tasks-jars/index.html from ./output/posts/git-ant-tasks-jars/index.md (njk)
[11ty] Writing ./_site/blog/git-for-subversion-users-part-1-getting-started/index.html from ./output/posts/git-for-subversion-users-part-1-getting-started/index.md (njk)
[11ty] Writing ./_site/blog/git-performance-cleaning-your-repository/index.html from ./output/posts/git-performance-cleaning-your-repository/index.md (njk)
[11ty] Writing ./_site/blog/git-performance-commands/index.html from ./output/posts/git-performance-commands/index.md (njk)
[11ty] Writing ./_site/blog/github-can-fix-everything/index.html from ./output/posts/github-can-fix-everything/index.md (njk)
[11ty] Writing ./_site/blog/github-coldfusion-weekly-update/index.html from ./output/posts/github-coldfusion-weekly-update/index.md (njk)
[11ty] Writing ./_site/blog/github-recognizes-cfml/index.html from ./output/posts/github-recognizes-cfml/index.md (njk)
[11ty] Writing ./_site/blog/gmail-cf8-and-machblog/index.html from ./output/posts/gmail-cf8-and-machblog/index.md (njk)
[11ty] Writing ./_site/blog/google-page-speed-service-comparison-with-my-site/index.html from ./output/posts/google-page-speed-service-comparison-with-my-site/index.md (njk)
[11ty] Writing ./_site/blog/google-sitemap-xml-generator-v1-32/index.html from ./output/posts/google-sitemap-xml-generator-v1-32/index.md (njk)
[11ty] Writing ./_site/blog/google-sitemap-xml-generator-v1-33/index.html from ./output/posts/google-sitemap-xml-generator-v1-33/index.md (njk)
[11ty] Writing ./_site/blog/gtac-2008-opening-remarks-video/index.html from ./output/posts/gtac-2008-opening-remarks-video/index.md (njk)
[11ty] Writing ./_site/blog/hackmycf-giveaway-tweet-and-you-are-entered/index.html from ./output/posts/hackmycf-giveaway-tweet-and-you-are-entered/index.md (njk)
[11ty] Writing ./_site/blog/haml-and-sass-for-coldfusion-crazy-ideas/index.html from ./output/posts/haml-and-sass-for-coldfusion-crazy-ideas/index.md (njk)
[11ty] Writing ./_site/blog/haml-jhaml-and-coldfusion-demo/index.html from ./output/posts/haml-jhaml-and-coldfusion-demo/index.md (njk)
[11ty] Writing ./_site/blog/head-first-coldfuson-book/index.html from ./output/posts/head-first-coldfuson-book/index.md (njk)
[11ty] Writing ./_site/blog/how-to-setup-url-rewriting-for-wheels-with-jrun/index.html from ./output/posts/how-to-setup-url-rewriting-for-wheels-with-jrun/index.md (njk)
[11ty] Writing ./_site/blog/how-to-uninstall-crossover-on-ubuntu/index.html from ./output/posts/how-to-uninstall-crossover-on-ubuntu/index.md (njk)
[11ty] Writing ./_site/blog/i-want-eclipse-to-be-like-dreamweaver/index.html from ./output/posts/i-want-eclipse-to-be-like-dreamweaver/index.md (njk)
[11ty] Writing ./_site/blog/ide-talk-cfhour/index.html from ./output/posts/ide-talk-cfhour/index.md (njk)
[11ty] Writing ./_site/blog/initiative-to-improve-coldfusion-9-docs-on-github/index.html from ./output/posts/initiative-to-improve-coldfusion-9-docs-on-github/index.md (njk)
[11ty] Writing ./_site/blog/installing-mylyn-onto-coldfusion-builder/index.html from ./output/posts/installing-mylyn-onto-coldfusion-builder/index.md (njk)
[11ty] Writing ./_site/blog/into-the-box-2014-join-me/index.html from ./output/posts/into-the-box-2014-join-me/index.md (njk)
[11ty] Writing ./_site/blog/intro-into-wheels-orm-validation-presentation/index.html from ./output/posts/intro-into-wheels-orm-validation-presentation/index.md (njk)
[11ty] Writing ./_site/blog/is-adobe-coldfusion-web-application-construction-kit-series-bad-for-new-cfml-developers/index.html from ./output/posts/is-adobe-coldfusion-web-application-construction-kit-series-bad-for-new-cfml-developers/index.md (njk)
[11ty] Writing ./_site/blog/is-it-customary-to-have-sql-in-cfwheels-controllers/index.html from ./output/posts/is-it-customary-to-have-sql-in-cfwheels-controllers/index.md (njk)
[11ty] Writing ./_site/blog/jrun-url-rewriting/index.html from ./output/posts/jrun-url-rewriting/index.md (njk)
[11ty] Writing ./_site/blog/jtidy-cfc-stand-alone-and-cfwheels-plugin-1/index.html from ./output/posts/jtidy-cfc-stand-alone-and-cfwheels-plugin-1/index.md (njk)
[11ty] Writing ./_site/blog/last-day-for-webucator-java-discount/index.html from ./output/posts/last-day-for-webucator-java-discount/index.md (njk)
[11ty] Writing ./_site/blog/learning-wheels-litepost-contest-ends-feb-19th/index.html from ./output/posts/learning-wheels-litepost-contest-ends-feb-19th/index.md (njk)
[11ty] Writing ./_site/blog/leveraging-eclipse-for-coldfusion-development-recording/index.html from ./output/posts/leveraging-eclipse-for-coldfusion-development-recording/index.md (njk)
[11ty] Writing ./_site/blog/lifehacker-make-your-linux-desktop-look-like-a-mac/index.html from ./output/posts/lifehacker-make-your-linux-desktop-look-like-a-mac/index.md (njk)
[11ty] Writing ./_site/blog/malformed-uxxxx-encoding-in-ant/index.html from ./output/posts/malformed-uxxxx-encoding-in-ant/index.md (njk)
[11ty] Writing ./_site/blog/marc-0-3-mysql-apache-railo-and-coldfusion-on-wheels/index.html from ./output/posts/marc-0-3-mysql-apache-railo-and-coldfusion-on-wheels/index.md (njk)
[11ty] Writing ./_site/blog/marc-0-4-mysql-apache-railo-and-coldfusion-on-wheels/index.html from ./output/posts/marc-0-4-mysql-apache-railo-and-coldfusion-on-wheels/index.md (njk)
[11ty] Writing ./_site/blog/mark-your-calendar-july-14th-introduction-to-sass/index.html from ./output/posts/mark-your-calendar-july-14th-introduction-to-sass/index.md (njk)
[11ty] Writing ./_site/blog/mark-your-calendar-july-21st-why-git-why-change/index.html from ./output/posts/mark-your-calendar-july-21st-why-git-why-change/index.md (njk)
[11ty] Writing ./_site/blog/missed-me-at-cfunited-catch-my-presentation-this-week/index.html from ./output/posts/missed-me-at-cfunited-catch-my-presentation-this-week/index.md (njk)
[11ty] Writing ./_site/blog/model-glue-training/index.html from ./output/posts/model-glue-training/index.md (njk)
[11ty] Writing ./_site/blog/more-zealotry-needed-in-coldfusion/index.html from ./output/posts/more-zealotry-needed-in-coldfusion/index.md (njk)
[11ty] Writing ./_site/blog/moving-assets-from-jenkins-to-a-coldfusion-server-with-ant/index.html from ./output/posts/moving-assets-from-jenkins-to-a-coldfusion-server-with-ant/index.md (njk)
[11ty] Writing ./_site/blog/moving-back-to-omaha-cacfug-firebug/index.html from ./output/posts/moving-back-to-omaha-cacfug-firebug/index.md (njk)
[11ty] Writing ./_site/blog/multiple-coldfusion-version-and-engines-on-adobe-coldfusion-with-jrun/index.html from ./output/posts/multiple-coldfusion-version-and-engines-on-adobe-coldfusion-with-jrun/index.md (njk)
[11ty] Writing ./_site/blog/mxunit-and-selenium-remote-control/index.html from ./output/posts/mxunit-and-selenium-remote-control/index.md (njk)
[11ty] Writing ./_site/blog/mxunit-new-coldfusion-testing-framework/index.html from ./output/posts/mxunit-new-coldfusion-testing-framework/index.md (njk)
[11ty] Writing ./_site/blog/my-8-favorite-coldfusion-builder-shortcuts/index.html from ./output/posts/my-8-favorite-coldfusion-builder-shortcuts/index.md (njk)
[11ty] Writing ./_site/blog/my-cf-object-2011-schedule/index.html from ./output/posts/my-cf-object-2011-schedule/index.md (njk)
[11ty] Writing ./_site/blog/my-cfobjective-schedule/index.html from ./output/posts/my-cfobjective-schedule/index.md (njk)
[11ty] Writing ./_site/blog/my-cfunited-2010-schedule/index.html from ./output/posts/my-cfunited-2010-schedule/index.md (njk)
[11ty] Writing ./_site/blog/my-first-entry-for-cfwheels-blog/index.html from ./output/posts/my-first-entry-for-cfwheels-blog/index.md (njk)
[11ty] Writing ./_site/blog/my-first-motorycle-pics-82-honda-cm450c/index.html from ./output/posts/my-first-motorycle-pics-82-honda-cm450c/index.md (njk)
[11ty] Writing ./_site/blog/my-git-user-config-cheat-sheet/index.html from ./output/posts/my-git-user-config-cheat-sheet/index.md (njk)
[11ty] Writing ./_site/blog/my-top-5-entries-of-2007/index.html from ./output/posts/my-top-5-entries-of-2007/index.md (njk)
[11ty] Writing ./_site/blog/mylyn-3-0-code-at-the-speed-of-thought-preso/index.html from ./output/posts/mylyn-3-0-code-at-the-speed-of-thought-preso/index.md (njk)
[11ty] Writing ./_site/blog/mylyn-a-task-oriented-approach-to-coldfusion/index.html from ./output/posts/mylyn-a-task-oriented-approach-to-coldfusion/index.md (njk)
[11ty] Writing ./_site/blog/mylyn-rocks-mylyn-rocks/index.html from ./output/posts/mylyn-rocks-mylyn-rocks/index.md (njk)
[11ty] Writing ./_site/blog/mythbusters-all-i-need-is-cfdump/index.html from ./output/posts/mythbusters-all-i-need-is-cfdump/index.md (njk)
[11ty] Writing ./_site/blog/mythbusters-coldfusion-is-case-insensitive/index.html from ./output/posts/mythbusters-coldfusion-is-case-insensitive/index.md (njk)
[11ty] Writing ./_site/blog/necfug-about-development-process/index.html from ./output/posts/necfug-about-development-process/index.md (njk)
[11ty] Writing ./_site/blog/needed-provide-your-trac-case-study/index.html from ./output/posts/needed-provide-your-trac-case-study/index.md (njk)
[11ty] Writing ./_site/blog/new-cfhour-podcast/index.html from ./output/posts/new-cfhour-podcast/index.md (njk)
[11ty] Writing ./_site/blog/new-year-new-site-design-journalcrunch-for-mangoblog/index.html from ./output/posts/new-year-new-site-design-journalcrunch-for-mangoblog/index.md (njk)
[11ty] Writing ./_site/blog/next-capital-area-coldfusion-user-group-meeting-october-12-2010-6-30pm-to-8-30pm/index.html from ./output/posts/next-capital-area-coldfusion-user-group-meeting-october-12-2010-6-30pm-to-8-30pm/index.md (njk)
[11ty] Writing ./_site/blog/next-necfug-advanced-sql-server-techniques/index.html from ./output/posts/next-necfug-advanced-sql-server-techniques/index.md (njk)
[11ty] Writing ./_site/blog/next-necfug-selenium-with-coldfusion-and-mxunit/index.html from ./output/posts/next-necfug-selenium-with-coldfusion-and-mxunit/index.md (njk)
[11ty] Writing ./_site/blog/no-brainer-for-cfobjective-sponsorships/index.html from ./output/posts/no-brainer-for-cfobjective-sponsorships/index.md (njk)
[11ty] Writing ./_site/blog/noclassdeffounderror-could-not-initialize-class-coldfusion/index.html from ./output/posts/noclassdeffounderror-could-not-initialize-class-coldfusion/index.md (njk)
[11ty] Writing ./_site/blog/notes-from-cf8-net-integration/index.html from ./output/posts/notes-from-cf8-net-integration/index.md (njk)
[11ty] Writing ./_site/blog/notes-from-flex-no-frameworks-required/index.html from ./output/posts/notes-from-flex-no-frameworks-required/index.md (njk)
[11ty] Writing ./_site/blog/notes-from-introduction-to-building-aplications-with-transfer-orm/index.html from ./output/posts/notes-from-introduction-to-building-aplications-with-transfer-orm/index.md (njk)
[11ty] Writing ./_site/blog/notes-from-refactoring-in-coldfusion-from-procedural-to-oo/index.html from ./output/posts/notes-from-refactoring-in-coldfusion-from-procedural-to-oo/index.md (njk)
[11ty] Writing ./_site/blog/notes-from-using-ant-making-your-development-life-more-productive/index.html from ./output/posts/notes-from-using-ant-making-your-development-life-more-productive/index.md (njk)
[11ty] Writing ./_site/blog/noteworthy-thread-about-git-and-a-coldfusion-project/index.html from ./output/posts/noteworthy-thread-about-git-and-a-coldfusion-project/index.md (njk)
[11ty] Writing ./_site/blog/nothingness-null-peak-at-training-material/index.html from ./output/posts/nothingness-null-peak-at-training-material/index.md (njk)
[11ty] Writing ./_site/blog/oh-cfdump-how-you-have-changed/index.html from ./output/posts/oh-cfdump-how-you-have-changed/index.md (njk)
[11ty] Writing ./_site/blog/opencf-summit-email-announcement/index.html from ./output/posts/opencf-summit-email-announcement/index.md (njk)
[11ty] Writing ./_site/blog/opening-remarks-with-jeremy-allaire-for-ocfs/index.html from ./output/posts/opening-remarks-with-jeremy-allaire-for-ocfs/index.md (njk)
[11ty] Writing ./_site/blog/orbwave-system-manager-tool-every-cf-multi-instance-local-developer-must-have/index.html from ./output/posts/orbwave-system-manager-tool-every-cf-multi-instance-local-developer-must-have/index.md (njk)
[11ty] Writing ./_site/blog/pecha-kucha-presentation-at-cf-objective-2010-video-wwii-honor-flights/index.html from ./output/posts/pecha-kucha-presentation-at-cf-objective-2010-video-wwii-honor-flights/index.md (njk)
[11ty] Writing ./_site/blog/picking-the-right-eclipse-distribution-ibm-developersworks/index.html from ./output/posts/picking-the-right-eclipse-distribution-ibm-developersworks/index.md (njk)
[11ty] Writing ./_site/blog/podcast-discussing-mylyn-tasktop-and-adobe-flash-coldfusion-builder/index.html from ./output/posts/podcast-discussing-mylyn-tasktop-and-adobe-flash-coldfusion-builder/index.md (njk)
[11ty] Writing ./_site/blog/poor-man-s-one-code-base-for-multiple-coldfusion-engines/index.html from ./output/posts/poor-man-s-one-code-base-for-multiple-coldfusion-engines/index.md (njk)
[11ty] Writing ./_site/blog/pre-Google-Test-Automation-Conference-2008/index.html from ./output/posts/pre-Google-Test-Automation-Conference-2008/index.md (njk)
[11ty] Writing ./_site/blog/purple-balls-everywhere-mylyn-in-my-eclipse-views/index.html from ./output/posts/purple-balls-everywhere-mylyn-in-my-eclipse-views/index.md (njk)
[11ty] Writing ./_site/blog/query-of-queries-comparison-exception-with-cfqueryparam/index.html from ./output/posts/query-of-queries-comparison-exception-with-cfqueryparam/index.md (njk)
[11ty] Writing ./_site/blog/rds-coldfusion-8-debugger-and-eclipse/index.html from ./output/posts/rds-coldfusion-8-debugger-and-eclipse/index.md (njk)
[11ty] Writing ./_site/blog/retweet-and-entry-raffle-for-coldfusion-anthology/index.html from ./output/posts/retweet-and-entry-raffle-for-coldfusion-anthology/index.md (njk)
[11ty] Writing ./_site/blog/ringo-selenium-framework-by-google/index.html from ./output/posts/ringo-selenium-framework-by-google/index.md (njk)
[11ty] Writing ./_site/blog/roommate-needed-model-glue-training-registration-extended/index.html from ./output/posts/roommate-needed-model-glue-training-registration-extended/index.md (njk)
[11ty] Writing ./_site/blog/running-adobe-coldfusion-9-on-cf8-with-simle-url-rewriting/index.html from ./output/posts/running-adobe-coldfusion-9-on-cf8-with-simle-url-rewriting/index.md (njk)
[11ty] Writing ./_site/blog/schedule-updating-svn-working-copies-ant/index.html from ./output/posts/schedule-updating-svn-working-copies-ant/index.md (njk)
[11ty] Writing ./_site/blog/se-mn-wwii-honor-flight-this-past-weekend/index.html from ./output/posts/se-mn-wwii-honor-flight-this-past-weekend/index.md (njk)
[11ty] Writing ./_site/blog/seamless-coldfusion-builder-on-linux/index.html from ./output/posts/seamless-coldfusion-builder-on-linux/index.md (njk)
[11ty] Writing ./_site/blog/second-coldfusion-show-out-the-door/index.html from ./output/posts/second-coldfusion-show-out-the-door/index.md (njk)
[11ty] Writing ./_site/blog/see-who-s-using-cfwheels/index.html from ./output/posts/see-who-s-using-cfwheels/index.md (njk)
[11ty] Writing ./_site/blog/selenium-setvariable-file/index.html from ./output/posts/selenium-setvariable-file/index.md (njk)
[11ty] Writing ./_site/blog/setting-up-a-riaforge-project-with-git-and-github-part-3/index.html from ./output/posts/setting-up-a-riaforge-project-with-git-and-github-part-3/index.md (njk)
[11ty] Writing ./_site/blog/setting-up-a-riaforge-project-with-git-and-github-part-4/index.html from ./output/posts/setting-up-a-riaforge-project-with-git-and-github-part-4/index.md (njk)
[11ty] Writing ./_site/blog/setting-up-a-riaforge-projects-with-git-and-github-part-1/index.html from ./output/posts/setting-up-a-riaforge-projects-with-git-and-github-part-1/index.md (njk)
[11ty] Writing ./_site/blog/setting-up-a-riaforge-projects-with-git-and-github-part-2/index.html from ./output/posts/setting-up-a-riaforge-projects-with-git-and-github-part-2/index.md (njk)
[11ty] Writing ./_site/blog/setting-up-mxunit-eclipse-plugin-with-cfwheels/index.html from ./output/posts/setting-up-mxunit-eclipse-plugin-with-cfwheels/index.md (njk)
[11ty] Writing ./_site/blog/setting-up-solid-cf-development-enviorment-cf-objective/index.html from ./output/posts/setting-up-solid-cf-development-enviorment-cf-objective/index.md (njk)
[11ty] Writing ./_site/blog/short-notice-special-meetup-with-rakshith-naresh-coldfusion-product-manager/index.html from ./output/posts/short-notice-special-meetup-with-rakshith-naresh-coldfusion-product-manager/index.md (njk)
[11ty] Writing ./_site/blog/show-us-ur-cfeclipse-perspective-layout/index.html from ./output/posts/show-us-ur-cfeclipse-perspective-layout/index.md (njk)
[11ty] Writing ./_site/blog/simplyhired-com-coldfusion-ruby-php-python-trends/index.html from ./output/posts/simplyhired-com-coldfusion-ruby-php-python-trends/index.md (njk)
[11ty] Writing ./_site/blog/smashing-magazine-browser-tests-services-and-compatibility-test-suites/index.html from ./output/posts/smashing-magazine-browser-tests-services-and-compatibility-test-suites/index.md (njk)
[11ty] Writing ./_site/blog/so-you-want-to-contribute-to-cfwheels/index.html from ./output/posts/so-you-want-to-contribute-to-cfwheels/index.md (njk)
[11ty] Writing ./_site/blog/so-you-want-to-contribute-to-cfwheels-documentation/index.html from ./output/posts/so-you-want-to-contribute-to-cfwheels-documentation/index.md (njk)
[11ty] Writing ./_site/blog/so-you-want-to-create-a-cfwheels-application-5/index.html from ./output/posts/so-you-want-to-create-a-cfwheels-application-5/index.md (njk)
[11ty] Writing ./_site/blog/so-you-want-to-create-a-cfwheels-application-part-1/index.html from ./output/posts/so-you-want-to-create-a-cfwheels-application-part-1/index.md (njk)
[11ty] Writing ./_site/blog/so-you-want-to-create-a-cfwheels-application-part-2/index.html from ./output/posts/so-you-want-to-create-a-cfwheels-application-part-2/index.md (njk)
[11ty] Writing ./_site/blog/so-you-want-to-create-a-cfwheels-application-part-3/index.html from ./output/posts/so-you-want-to-create-a-cfwheels-application-part-3/index.md (njk)
[11ty] Writing ./_site/blog/so-you-want-to-create-a-cfwheels-application-part-4/index.html from ./output/posts/so-you-want-to-create-a-cfwheels-application-part-4/index.md (njk)
[11ty] Writing ./_site/blog/so-you-want-to-create-a-cfwheels-application-part-6/index.html from ./output/posts/so-you-want-to-create-a-cfwheels-application-part-6/index.md (njk)
[11ty] Writing ./_site/blog/so-you-want-to-install-cfwheels/index.html from ./output/posts/so-you-want-to-install-cfwheels/index.md (njk)
[11ty] Writing ./_site/blog/software-review-crystal-reports-ssrs-sql-reporting-services/index.html from ./output/posts/software-review-crystal-reports-ssrs-sql-reporting-services/index.md (njk)
[11ty] Writing ./_site/blog/spagetti-code-needed-for-feedback/index.html from ./output/posts/spagetti-code-needed-for-feedback/index.md (njk)
[11ty] Writing ./_site/blog/speaking-at-cf-objective-2010-coldfusion-on-wheels/index.html from ./output/posts/speaking-at-cf-objective-2010-coldfusion-on-wheels/index.md (njk)
[11ty] Writing ./_site/blog/sprint-standing-meets-easily-figure-out-what-you-did-yesterday/index.html from ./output/posts/sprint-standing-meets-easily-figure-out-what-you-did-yesterday/index.md (njk)
[11ty] Writing ./_site/blog/stump-the-cfchump-1/index.html from ./output/posts/stump-the-cfchump-1/index.md (njk)
[11ty] Writing ./_site/blog/stump-the-cfchump-2/index.html from ./output/posts/stump-the-cfchump-2/index.md (njk)
[11ty] Writing ./_site/blog/stump-the-cfchump-2b/index.html from ./output/posts/stump-the-cfchump-2b/index.md (njk)
[11ty] Writing ./_site/blog/stump-the-cfchump-3/index.html from ./output/posts/stump-the-cfchump-3/index.md (njk)
[11ty] Writing ./_site/blog/stump-the-cfchump-4/index.html from ./output/posts/stump-the-cfchump-4/index.md (njk)
[11ty] Writing ./_site/blog/subclipse-d-oh-moment-on-commit/index.html from ./output/posts/subclipse-d-oh-moment-on-commit/index.md (njk)
[11ty] Writing ./_site/blog/switching-from-windows-week-2-different-linux-flavors/index.html from ./output/posts/switching-from-windows-week-2-different-linux-flavors/index.md (njk)
[11ty] Writing ./_site/blog/tales-of-a-first-time-speaker-at-cf-objective-2010/index.html from ./output/posts/tales-of-a-first-time-speaker-at-cf-objective-2010/index.md (njk)
[11ty] Writing ./_site/blog/tax-rebate-for-cfeclipse-mark-drew/index.html from ./output/posts/tax-rebate-for-cfeclipse-mark-drew/index.md (njk)
[11ty] Writing ./_site/blog/techomaha-com-find-user-group-meetings-in-omaha/index.html from ./output/posts/techomaha-com-find-user-group-meetings-in-omaha/index.md (njk)
[11ty] Writing ./_site/blog/test-blog-for-funky-characters/index.html from ./output/posts/test-blog-for-funky-characters/index.md (njk)
[11ty] Writing ./_site/blog/testing-if-mylyn-is-working-in-coldfusion-builder-2-0-1-beta/index.html from ./output/posts/testing-if-mylyn-is-working-in-coldfusion-builder-2-0-1-beta/index.md (njk)
[11ty] Writing ./_site/blog/thanks-coldfusion-weekly-and-thecrumb-com/index.html from ./output/posts/thanks-coldfusion-weekly-and-thecrumb-com/index.md (njk)
[11ty] Writing ./_site/blog/thanks-coldfusionbloggersorg/index.html from ./output/posts/thanks-coldfusionbloggersorg/index.md (njk)
[11ty] Writing ./_site/blog/the-coldfusion-show-episode-7-all-about-getting-you-prizes/index.html from ./output/posts/the-coldfusion-show-episode-7-all-about-getting-you-prizes/index.md (njk)
[11ty] Writing ./_site/blog/think-of-github-as-facebook-for-coders/index.html from ./output/posts/think-of-github-as-facebook-for-coders/index.md (njk)
[11ty] Writing ./_site/blog/tick-tock-only-a-week-left-till-first-cfwheels-training/index.html from ./output/posts/tick-tock-only-a-week-left-till-first-cfwheels-training/index.md (njk)
[11ty] Writing ./_site/blog/toggle-whitespace-in-eclipse-cfeclipse-and-cfbuilder/index.html from ./output/posts/toggle-whitespace-in-eclipse-cfeclipse-and-cfbuilder/index.md (njk)
[11ty] Writing ./_site/blog/try-evaluate-and-retry-coldfusion-frameworks/index.html from ./output/posts/try-evaluate-and-retry-coldfusion-frameworks/index.md (njk)
[11ty] Writing ./_site/blog/tsvncacheexe-is-a-cpu-hog-fix/index.html from ./output/posts/tsvncacheexe-is-a-cpu-hog-fix/index.md (njk)
[11ty] Writing ./_site/blog/two-more-cfwheels-plugins-added-to-riaforge/index.html from ./output/posts/two-more-cfwheels-plugins-added-to-riaforge/index.md (njk)
[11ty] Writing ./_site/blog/two-upcoming-online-coldfusion-meetup/index.html from ./output/posts/two-upcoming-online-coldfusion-meetup/index.md (njk)
[11ty] Writing ./_site/blog/ugtv-weekend/index.html from ./output/posts/ugtv-weekend/index.md (njk)
[11ty] Writing ./_site/blog/unit-test-location/index.html from ./output/posts/unit-test-location/index.md (njk)
[11ty] Writing ./_site/blog/unofficial-updater-2-for-adobe-coldfusion-awesome/index.html from ./output/posts/unofficial-updater-2-for-adobe-coldfusion-awesome/index.md (njk)
[11ty] Writing ./_site/blog/upcoming-d2w-conference-and-cfwheels-training-in-july/index.html from ./output/posts/upcoming-d2w-conference-and-cfwheels-training-in-july/index.md (njk)
[11ty] Writing ./_site/blog/upcoming-headfirst-fusiondebug-southeast-minnesota-cfug/index.html from ./output/posts/upcoming-headfirst-fusiondebug-southeast-minnesota-cfug/index.md (njk)
[11ty] Writing ./_site/blog/upgrading-windows-try-xubuntu-instead/index.html from ./output/posts/upgrading-windows-try-xubuntu-instead/index.md (njk)
[11ty] Writing ./_site/blog/validatethis-simple-breakdown-to-using-for-a-newbie/index.html from ./output/posts/validatethis-simple-breakdown-to-using-for-a-newbie/index.md (njk)
[11ty] Writing ./_site/blog/varScoper-Ant-Target-example/index.html from ./output/posts/varScoper-Ant-Target-example/index.md (njk)
[11ty] Writing ./_site/blog/warning-cfdocument-format-pdf-not-508-compliant/index.html from ./output/posts/warning-cfdocument-format-pdf-not-508-compliant/index.md (njk)
[11ty] Writing ./_site/blog/web-application-firewall-and-fuseguard-presentation-tomorrow/index.html from ./output/posts/web-application-firewall-and-fuseguard-presentation-tomorrow/index.md (njk)
[11ty] Writing ./_site/blog/what-do-coldfusion-geeks-listen-to/index.html from ./output/posts/what-do-coldfusion-geeks-listen-to/index.md (njk)
[11ty] Writing ./_site/blog/what-s-hot-what-s-not-essential-tools/index.html from ./output/posts/what-s-hot-what-s-not-essential-tools/index.md (njk)
[11ty] Writing ./_site/blog/what-s-hot-where-do-we-go-from-here/index.html from ./output/posts/what-s-hot-where-do-we-go-from-here/index.md (njk)
[11ty] Writing ./_site/blog/what-s-your-opinion-on-cfml-compared-to-other-popular-languages/index.html from ./output/posts/what-s-your-opinion-on-cfml-compared-to-other-popular-languages/index.md (njk)
[11ty] Writing ./_site/blog/what-would-you-do-if-you-were-an-adobe-coldfusion-evangelist/index.html from ./output/posts/what-would-you-do-if-you-were-an-adobe-coldfusion-evangelist/index.md (njk)
[11ty] Writing ./_site/blog/where-art-thou-svn-1-5-1-windows-installer/index.html from ./output/posts/where-art-thou-svn-1-5-1-windows-installer/index.md (njk)
[11ty] Writing ./_site/blog/why-a-compile-test-on-cfml-a-dynamic-language/index.html from ./output/posts/why-a-compile-test-on-cfml-a-dynamic-language/index.md (njk)
[11ty] Writing ./_site/blog/why-github-for-your-coldfusion-open-source-project/index.html from ./output/posts/why-github-for-your-coldfusion-open-source-project/index.md (njk)
[11ty] Writing ./_site/blog/why-join-me-for-java-training/index.html from ./output/posts/why-join-me-for-java-training/index.md (njk)
[11ty] Writing ./_site/blog/why-use-mylyn-tasktop-my-mom-knows/index.html from ./output/posts/why-use-mylyn-tasktop-my-mom-knows/index.md (njk)
[11ty] Writing ./_site/blog/winner-announced-contribute-win-coldfusion-in-100-mins/index.html from ./output/posts/winner-announced-contribute-win-coldfusion-in-100-mins/index.md (njk)
[11ty] Writing ./_site/blog/winner-announced-for-contribute-and-win-2/index.html from ./output/posts/winner-announced-for-contribute-and-win-2/index.md (njk)
[11ty] Writing ./_site/blog/winner-retweet-and-entry-raffle-for-coldfusion-anthology/index.html from ./output/posts/winner-retweet-and-entry-raffle-for-coldfusion-anthology/index.md (njk)
[11ty] Writing ./_site/blog/would-like-one-more-person-melbourne-australia-training-and-conference/index.html from ./output/posts/would-like-one-more-person-melbourne-australia-training-and-conference/index.md (njk)
[11ty] Writing ./_site/blog/write-in-marc-esher-for-community-member-of-the-year/index.html from ./output/posts/write-in-marc-esher-for-community-member-of-the-year/index.md (njk)
[11ty] Writing ./_site/blog/yWorks-Ant-Explorer/index.html from ./output/posts/yWorks-Ant-Explorer/index.md (njk)
[11ty] Writing ./_site/blog/category/ant/index.html from ./blog-category.njk
[11ty] Writing ./_site/blog/category/ubuntu/index.html from ./blog-category.njk
[11ty] Writing ./_site/blog/category/software/index.html from ./blog-category.njk
[11ty] Writing ./_site/blog/category/google-sitemap-xml-generator/index.html from ./blog-category.njk
[11ty] Writing ./_site/blog/category/selenium/index.html from ./blog-category.njk
[11ty] Writing ./_site/blog/category/subversion/index.html from ./blog-category.njk
[11ty] Writing ./_site/blog/category/eclipse/index.html from ./blog-category.njk
[11ty] Writing ./_site/blog/category/cfeclipse/index.html from ./blog-category.njk
[11ty] Writing ./_site/blog/category/amazon-s3/index.html from ./blog-category.njk
[11ty] Writing ./_site/blog/category/fusiondebug/index.html from ./blog-category.njk
[11ty] Writing ./_site/blog/category/mythbusters/index.html from ./blog-category.njk
[11ty] Writing ./_site/blog/category/necfug/index.html from ./blog-category.njk
[11ty] Writing ./_site/blog/category/mylyn/index.html from ./blog-category.njk
[11ty] Writing ./_site/blog/category/presentations/index.html from ./blog-category.njk
[11ty] Writing ./_site/blog/category/mxunit/index.html from ./blog-category.njk
[11ty] Writing ./_site/blog/category/gtac-2008/index.html from ./blog-category.njk
[11ty] Writing ./_site/blog/category/cf-objective/index.html from ./blog-category.njk
[11ty] Writing ./_site/blog/category/coldfusion-builder/index.html from ./blog-category.njk
[11ty] Writing ./_site/blog/category/cfwheels/index.html from ./blog-category.njk
[11ty] Writing ./_site/blog/category/mdcfug/index.html from ./blog-category.njk
[11ty] Writing ./_site/blog/category/git/index.html from ./blog-category.njk
[11ty] Writing ./_site/blog/category/jrun/index.html from ./blog-category.njk
[11ty] Writing ./_site/blog/category/marc/index.html from ./blog-category.njk
[11ty] Writing ./_site/blog/category/railo/index.html from ./blog-category.njk
[11ty] Writing ./_site/blog/category/github/index.html from ./blog-category.njk
[11ty] Writing ./_site/blog/category/cfunited/index.html from ./blog-category.njk
[11ty] Writing ./_site/blog/category/openbd/index.html from ./blog-category.njk
[11ty] Writing ./_site/blog/category/opencf-summit/index.html from ./blog-category.njk
[11ty] Writing ./_site/blog/category/acf/index.html from ./blog-category.njk
[11ty] Writing ./_site/blog/category/tasktop/index.html from ./blog-category.njk
[11ty] Writing ./_site/blog/category/xubuntu/index.html from ./blog-category.njk
[11ty] Writing ./_site/blog/category/linux/index.html from ./blog-category.njk
[11ty] Writing ./_site/blog/category/d2w/index.html from ./blog-category.njk
[11ty] Writing ./_site/blog/category/cf-objective-anz/index.html from ./blog-category.njk
[11ty] Writing ./_site/blog/category/other/index.html from ./blog-category.njk
[11ty] Writing ./_site/blog/category/jquery/index.html from ./blog-category.njk
[11ty] Writing ./_site/blog/category/jenkins/index.html from ./blog-category.njk
[11ty] Writing ./_site/blog/category/coldfusion-show/index.html from ./blog-category.njk
[11ty] Writing ./_site/blog/category/cfmlin100mins/index.html from ./blog-category.njk
[11ty] Writing ./_site/blog/category/css/index.html from ./blog-category.njk
[11ty] Writing ./_site/blog/category/omaha/index.html from ./blog-category.njk
[11ty] Writing ./_site/blog/category/cfchump/index.html from ./blog-category.njk
[11ty] Writing ./_site/blog/category/heroku/index.html from ./blog-category.njk
[11ty] Benchmark    403ms   9% 10728 (Configuration) "url" Nunjucks Filter
[11ty] Copied 308 Wrote 437 files in 4.55 seconds (10.4ms each, v3.1.0)
pagefind npm wrapper: Running the executable at /home/mhenke/Projects/mike-henke-website/node_modules/@pagefind/linux-x64/bin/pagefind_extended

Running Pagefind v1.3.0 (Extended)
Running in verbose mode
Running from: "/home/mhenke/Projects/mike-henke-website"
Source:       "_site"
Output:       "_site/pagefind"

[Walking source directory]
Found 438 files matching **/*.{html}

[Parsing files]
Found a data-pagefind-body element on the site.
 Ignoring pages without this tag.

[Reading languages]
Discovered 1 language: en
  * en: 391 pages

[Building search indexes]
Language en: 
  Indexed 391 pages
  Indexed 5941 words
  Indexed 0 filters
  Indexed 0 sorts

Total: 
  Indexed 1 language
  Indexed 391 pages
  Indexed 5941 words
  Indexed 0 filters
  Indexed 0 sorts

Finished in 2.490 seconds
pagefind npm wrapper: Process exited with status 0
